<?xml version="1.0" encoding="UTF-8"?>
<testng-results skipped="0" failed="0" ignored="0" total="1" passed="1">
  <reporter-output>
  </reporter-output>
  <suite name="InetBankingV1" duration-ms="16253" started-at="2022-07-13T12:43:47Z" finished-at="2022-07-13T12:44:04Z">
    <groups>
    </groups>
    <test name="BankingApp Test" duration-ms="16253" started-at="2022-07-13T12:43:47Z" finished-at="2022-07-13T12:44:04Z">
      <class name="com.inetbanking.testCases.TC_LoginTest_001">
        <test-method status="PASS" signature="setup(java.lang.String)[pri:0, instance:com.inetbanking.testCases.TC_LoginTest_001@511baa65]" name="setup" is-config="true" duration-ms="11726" started-at="2022-07-13T12:43:47Z" finished-at="2022-07-13T12:43:59Z">
          <params>
            <param index="0">
              <value>
                <![CDATA[chrome]]>
              </value>
            </param>
          </params>
          <reporter-output>
          </reporter-output>
        </test-method> <!-- setup -->
        <test-method status="PASS" signature="loginTest()[pri:0, instance:com.inetbanking.testCases.TC_LoginTest_001@511baa65]" name="loginTest" duration-ms="3398" started-at="2022-07-13T12:43:59Z" finished-at="2022-07-13T12:44:03Z">
          <reporter-output>
          </reporter-output>
        </test-method> <!-- loginTest -->
        <test-method status="PASS" signature="tearDown()[pri:0, instance:com.inetbanking.testCases.TC_LoginTest_001@511baa65]" name="tearDown" is-config="true" duration-ms="979" started-at="2022-07-13T12:44:03Z" finished-at="2022-07-13T12:44:04Z">
          <reporter-output>
          </reporter-output>
        </test-method> <!-- tearDown -->
      </class> <!-- com.inetbanking.testCases.TC_LoginTest_001 -->
    </test> <!-- BankingApp Test -->
  </suite> <!-- InetBankingV1 -->
</testng-results>
